[2017-04-04 10:25:17] request.INFO: Matched route "Home". {"route":"Home","route_parameters":{"_controller":"AppBundle\\Controller\\HomeController::indexAction","_route":"Home"},"request_uri":"http://localhost:3000/","method":"GET"} []
[2017-04-04 10:25:17] security.INFO: Populated the TokenStorage with an anonymous Token. [] []
[2017-04-04 10:25:17] php.CRITICAL: Fatal Parse Error: syntax error, unexpected 'return' (T_RETURN), expecting ',' or ';' {"exception":"[object] (Symfony\\Component\\Debug\\Exception\\FatalErrorException(code: 0): Parse Error: syntax error, unexpected 'return' (T_RETURN), expecting ',' or ';' at /Users/shibaji/Desktop/class/cms/src/AppBundle/Controller/HomeController.php:28)"} []
[2017-04-04 10:25:17] request.CRITICAL: Uncaught PHP Exception Symfony\Component\Debug\Exception\FatalErrorException: "Parse Error: syntax error, unexpected 'return' (T_RETURN), expecting ',' or ';'" at /Users/shibaji/Desktop/class/cms/src/AppBundle/Controller/HomeController.php line 28 {"exception":"[object] (Symfony\\Component\\Debug\\Exception\\FatalErrorException(code: 0): Parse Error: syntax error, unexpected 'return' (T_RETURN), expecting ',' or ';' at /Users/shibaji/Desktop/class/cms/src/AppBundle/Controller/HomeController.php:28)"} []
[2017-04-04 10:37:55] request.INFO: Matched route "Home". {"route":"Home","route_parameters":{"_controller":"AppBundle\\Controller\\HomeController::helloAction","_route":"Home"},"request_uri":"http://localhost:3000/hello","method":"GET"} []
[2017-04-04 10:37:55] security.INFO: Populated the TokenStorage with an anonymous Token. [] []
[2017-04-04 10:37:55] event.DEBUG: Notified event "kernel.request" to listener "Symfony\Component\HttpKernel\EventListener\DebugHandlersListener::configure". {"event":"kernel.request","listener":"Symfony\\Component\\HttpKernel\\EventListener\\DebugHandlersListener::configure"} []
[2017-04-04 10:37:55] event.DEBUG: Notified event "kernel.request" to listener "Symfony\Component\HttpKernel\EventListener\ValidateRequestListener::onKernelRequest". {"event":"kernel.request","listener":"Symfony\\Component\\HttpKernel\\EventListener\\ValidateRequestListener::onKernelRequest"} []
[2017-04-04 10:37:55] event.DEBUG: Notified event "kernel.request" to listener "Symfony\Bundle\FrameworkBundle\EventListener\SessionListener::onKernelRequest". {"event":"kernel.request","listener":"Symfony\\Bundle\\FrameworkBundle\\EventListener\\SessionListener::onKernelRequest"} []
[2017-04-04 10:37:55] event.DEBUG: Notified event "kernel.request" to listener "Symfony\Component\HttpKernel\EventListener\FragmentListener::onKernelRequest". {"event":"kernel.request","listener":"Symfony\\Component\\HttpKernel\\EventListener\\FragmentListener::onKernelRequest"} []
[2017-04-04 10:37:55] event.DEBUG: Notified event "kernel.request" to listener "Symfony\Component\HttpKernel\EventListener\RouterListener::onKernelRequest". {"event":"kernel.request","listener":"Symfony\\Component\\HttpKernel\\EventListener\\RouterListener::onKernelRequest"} []
[2017-04-04 10:37:55] event.DEBUG: Notified event "kernel.request" to listener "Symfony\Component\HttpKernel\EventListener\LocaleListener::onKernelRequest". {"event":"kernel.request","listener":"Symfony\\Component\\HttpKernel\\EventListener\\LocaleListener::onKernelRequest"} []
[2017-04-04 10:37:55] event.DEBUG: Notified event "kernel.request" to listener "Symfony\Component\HttpKernel\EventListener\TranslatorListener::onKernelRequest". {"event":"kernel.request","listener":"Symfony\\Component\\HttpKernel\\EventListener\\TranslatorListener::onKernelRequest"} []
[2017-04-04 10:37:55] event.DEBUG: Notified event "kernel.request" to listener "Symfony\Component\Security\Http\Firewall::onKernelRequest". {"event":"kernel.request","listener":"Symfony\\Component\\Security\\Http\\Firewall::onKernelRequest"} []
[2017-04-04 10:37:55] event.DEBUG: Notified event "kernel.controller" to listener "Sensio\Bundle\FrameworkExtraBundle\EventListener\ControllerListener::onKernelController". {"event":"kernel.controller","listener":"Sensio\\Bundle\\FrameworkExtraBundle\\EventListener\\ControllerListener::onKernelController"} []
[2017-04-04 10:37:55] event.DEBUG: Notified event "kernel.controller" to listener "Sensio\Bundle\FrameworkExtraBundle\EventListener\ParamConverterListener::onKernelController". {"event":"kernel.controller","listener":"Sensio\\Bundle\\FrameworkExtraBundle\\EventListener\\ParamConverterListener::onKernelController"} []
[2017-04-04 10:37:55] event.DEBUG: Notified event "kernel.controller" to listener "Sensio\Bundle\FrameworkExtraBundle\EventListener\HttpCacheListener::onKernelController". {"event":"kernel.controller","listener":"Sensio\\Bundle\\FrameworkExtraBundle\\EventListener\\HttpCacheListener::onKernelController"} []
[2017-04-04 10:37:55] event.DEBUG: Notified event "kernel.controller" to listener "Sensio\Bundle\FrameworkExtraBundle\EventListener\SecurityListener::onKernelController". {"event":"kernel.controller","listener":"Sensio\\Bundle\\FrameworkExtraBundle\\EventListener\\SecurityListener::onKernelController"} []
[2017-04-04 10:37:55] event.DEBUG: Notified event "kernel.controller" to listener "Sensio\Bundle\FrameworkExtraBundle\EventListener\TemplateListener::onKernelController". {"event":"kernel.controller","listener":"Sensio\\Bundle\\FrameworkExtraBundle\\EventListener\\TemplateListener::onKernelController"} []
[2017-04-04 10:37:55] event.DEBUG: Notified event "kernel.view" to listener "Sensio\Bundle\FrameworkExtraBundle\EventListener\TemplateListener::onKernelView". {"event":"kernel.view","listener":"Sensio\\Bundle\\FrameworkExtraBundle\\EventListener\\TemplateListener::onKernelView"} []
[2017-04-04 10:37:55] request.CRITICAL: Uncaught PHP Exception LogicException: "The controller must return a response (Hello All given)." at /Users/shibaji/Desktop/class/cms/var/cache/prod/classes.php line 4663 {"exception":"[object] (LogicException(code: 0): The controller must return a response (Hello All given). at /Users/shibaji/Desktop/class/cms/var/cache/prod/classes.php:4663)"} []
[2017-04-04 10:37:55] event.DEBUG: Notified event "kernel.request" to listener "Symfony\Component\HttpKernel\EventListener\DebugHandlersListener::configure". {"event":"kernel.request","listener":"Symfony\\Component\\HttpKernel\\EventListener\\DebugHandlersListener::configure"} []
[2017-04-04 10:37:55] event.DEBUG: Notified event "kernel.request" to listener "Symfony\Component\HttpKernel\EventListener\ValidateRequestListener::onKernelRequest". {"event":"kernel.request","listener":"Symfony\\Component\\HttpKernel\\EventListener\\ValidateRequestListener::onKernelRequest"} []
[2017-04-04 10:37:55] event.DEBUG: Notified event "kernel.request" to listener "Symfony\Bundle\FrameworkBundle\EventListener\SessionListener::onKernelRequest". {"event":"kernel.request","listener":"Symfony\\Bundle\\FrameworkBundle\\EventListener\\SessionListener::onKernelRequest"} []
[2017-04-04 10:37:55] event.DEBUG: Notified event "kernel.request" to listener "Symfony\Component\HttpKernel\EventListener\FragmentListener::onKernelRequest". {"event":"kernel.request","listener":"Symfony\\Component\\HttpKernel\\EventListener\\FragmentListener::onKernelRequest"} []
[2017-04-04 10:37:55] event.DEBUG: Notified event "kernel.request" to listener "Symfony\Component\HttpKernel\EventListener\RouterListener::onKernelRequest". {"event":"kernel.request","listener":"Symfony\\Component\\HttpKernel\\EventListener\\RouterListener::onKernelRequest"} []
[2017-04-04 10:37:55] event.DEBUG: Notified event "kernel.request" to listener "Symfony\Component\HttpKernel\EventListener\LocaleListener::onKernelRequest". {"event":"kernel.request","listener":"Symfony\\Component\\HttpKernel\\EventListener\\LocaleListener::onKernelRequest"} []
[2017-04-04 10:37:55] event.DEBUG: Notified event "kernel.request" to listener "Symfony\Component\HttpKernel\EventListener\TranslatorListener::onKernelRequest". {"event":"kernel.request","listener":"Symfony\\Component\\HttpKernel\\EventListener\\TranslatorListener::onKernelRequest"} []
[2017-04-04 10:37:55] event.DEBUG: Notified event "kernel.request" to listener "Symfony\Component\Security\Http\Firewall::onKernelRequest". {"event":"kernel.request","listener":"Symfony\\Component\\Security\\Http\\Firewall::onKernelRequest"} []
[2017-04-04 10:37:55] event.DEBUG: Notified event "kernel.controller" to listener "Sensio\Bundle\FrameworkExtraBundle\EventListener\ControllerListener::onKernelController". {"event":"kernel.controller","listener":"Sensio\\Bundle\\FrameworkExtraBundle\\EventListener\\ControllerListener::onKernelController"} []
[2017-04-04 10:37:55] event.DEBUG: Notified event "kernel.controller" to listener "Sensio\Bundle\FrameworkExtraBundle\EventListener\ParamConverterListener::onKernelController". {"event":"kernel.controller","listener":"Sensio\\Bundle\\FrameworkExtraBundle\\EventListener\\ParamConverterListener::onKernelController"} []
[2017-04-04 10:37:55] event.DEBUG: Notified event "kernel.controller" to listener "Sensio\Bundle\FrameworkExtraBundle\EventListener\HttpCacheListener::onKernelController". {"event":"kernel.controller","listener":"Sensio\\Bundle\\FrameworkExtraBundle\\EventListener\\HttpCacheListener::onKernelController"} []
[2017-04-04 10:37:55] event.DEBUG: Notified event "kernel.controller" to listener "Sensio\Bundle\FrameworkExtraBundle\EventListener\SecurityListener::onKernelController". {"event":"kernel.controller","listener":"Sensio\\Bundle\\FrameworkExtraBundle\\EventListener\\SecurityListener::onKernelController"} []
[2017-04-04 10:37:55] event.DEBUG: Notified event "kernel.controller" to listener "Sensio\Bundle\FrameworkExtraBundle\EventListener\TemplateListener::onKernelController". {"event":"kernel.controller","listener":"Sensio\\Bundle\\FrameworkExtraBundle\\EventListener\\TemplateListener::onKernelController"} []
[2017-04-04 10:37:55] event.DEBUG: Notified event "kernel.response" to listener "Symfony\Component\Security\Http\Firewall\ContextListener::onKernelResponse". {"event":"kernel.response","listener":"Symfony\\Component\\Security\\Http\\Firewall\\ContextListener::onKernelResponse"} []
[2017-04-04 10:37:55] event.DEBUG: Notified event "kernel.response" to listener "Symfony\Component\HttpKernel\EventListener\ResponseListener::onKernelResponse". {"event":"kernel.response","listener":"Symfony\\Component\\HttpKernel\\EventListener\\ResponseListener::onKernelResponse"} []
[2017-04-04 10:37:55] event.DEBUG: Notified event "kernel.response" to listener "Symfony\Component\Security\Http\RememberMe\ResponseListener::onKernelResponse". {"event":"kernel.response","listener":"Symfony\\Component\\Security\\Http\\RememberMe\\ResponseListener::onKernelResponse"} []
[2017-04-04 10:37:55] event.DEBUG: Notified event "kernel.response" to listener "Sensio\Bundle\FrameworkExtraBundle\EventListener\HttpCacheListener::onKernelResponse". {"event":"kernel.response","listener":"Sensio\\Bundle\\FrameworkExtraBundle\\EventListener\\HttpCacheListener::onKernelResponse"} []
[2017-04-04 10:37:55] event.DEBUG: Notified event "kernel.response" to listener "Symfony\Component\HttpKernel\EventListener\SaveSessionListener::onKernelResponse". {"event":"kernel.response","listener":"Symfony\\Component\\HttpKernel\\EventListener\\SaveSessionListener::onKernelResponse"} []
[2017-04-04 10:37:55] event.DEBUG: Notified event "kernel.response" to listener "Symfony\Component\HttpKernel\EventListener\StreamedResponseListener::onKernelResponse". {"event":"kernel.response","listener":"Symfony\\Component\\HttpKernel\\EventListener\\StreamedResponseListener::onKernelResponse"} []
[2017-04-04 10:37:55] event.DEBUG: Notified event "kernel.finish_request" to listener "Symfony\Component\HttpKernel\EventListener\LocaleListener::onKernelFinishRequest". {"event":"kernel.finish_request","listener":"Symfony\\Component\\HttpKernel\\EventListener\\LocaleListener::onKernelFinishRequest"} []
[2017-04-04 10:37:55] event.DEBUG: Notified event "kernel.finish_request" to listener "Symfony\Component\HttpKernel\EventListener\TranslatorListener::onKernelFinishRequest". {"event":"kernel.finish_request","listener":"Symfony\\Component\\HttpKernel\\EventListener\\TranslatorListener::onKernelFinishRequest"} []
[2017-04-04 10:37:55] event.DEBUG: Notified event "kernel.finish_request" to listener "Symfony\Component\HttpKernel\EventListener\RouterListener::onKernelFinishRequest". {"event":"kernel.finish_request","listener":"Symfony\\Component\\HttpKernel\\EventListener\\RouterListener::onKernelFinishRequest"} []
[2017-04-04 10:37:55] event.DEBUG: Notified event "kernel.finish_request" to listener "Symfony\Component\Security\Http\Firewall::onKernelFinishRequest". {"event":"kernel.finish_request","listener":"Symfony\\Component\\Security\\Http\\Firewall::onKernelFinishRequest"} []
[2017-04-04 10:37:55] event.DEBUG: Notified event "kernel.exception" to listener "Symfony\Component\Security\Http\Firewall\ExceptionListener::onKernelException". {"event":"kernel.exception","listener":"Symfony\\Component\\Security\\Http\\Firewall\\ExceptionListener::onKernelException"} []
[2017-04-04 10:37:55] event.DEBUG: Notified event "kernel.exception" to listener "Symfony\Component\HttpKernel\EventListener\ExceptionListener::onKernelException". {"event":"kernel.exception","listener":"Symfony\\Component\\HttpKernel\\EventListener\\ExceptionListener::onKernelException"} []
[2017-04-04 10:37:55] event.DEBUG: Listener "Symfony\Component\HttpKernel\EventListener\ExceptionListener::onKernelException" stopped propagation of the event "kernel.exception". {"event":"kernel.exception","listener":"Symfony\\Component\\HttpKernel\\EventListener\\ExceptionListener::onKernelException"} []
[2017-04-04 10:37:55] event.DEBUG: Notified event "kernel.response" to listener "Symfony\Component\HttpKernel\EventListener\ResponseListener::onKernelResponse". {"event":"kernel.response","listener":"Symfony\\Component\\HttpKernel\\EventListener\\ResponseListener::onKernelResponse"} []
[2017-04-04 10:37:55] event.DEBUG: Notified event "kernel.response" to listener "Symfony\Component\Security\Http\RememberMe\ResponseListener::onKernelResponse". {"event":"kernel.response","listener":"Symfony\\Component\\Security\\Http\\RememberMe\\ResponseListener::onKernelResponse"} []
[2017-04-04 10:37:55] event.DEBUG: Notified event "kernel.response" to listener "Sensio\Bundle\FrameworkExtraBundle\EventListener\HttpCacheListener::onKernelResponse". {"event":"kernel.response","listener":"Sensio\\Bundle\\FrameworkExtraBundle\\EventListener\\HttpCacheListener::onKernelResponse"} []
[2017-04-04 10:37:55] event.DEBUG: Notified event "kernel.response" to listener "Symfony\Component\HttpKernel\EventListener\SaveSessionListener::onKernelResponse". {"event":"kernel.response","listener":"Symfony\\Component\\HttpKernel\\EventListener\\SaveSessionListener::onKernelResponse"} []
[2017-04-04 10:37:55] event.DEBUG: Notified event "kernel.response" to listener "Symfony\Component\HttpKernel\EventListener\StreamedResponseListener::onKernelResponse". {"event":"kernel.response","listener":"Symfony\\Component\\HttpKernel\\EventListener\\StreamedResponseListener::onKernelResponse"} []
[2017-04-04 10:37:55] event.DEBUG: Notified event "kernel.finish_request" to listener "Symfony\Component\HttpKernel\EventListener\LocaleListener::onKernelFinishRequest". {"event":"kernel.finish_request","listener":"Symfony\\Component\\HttpKernel\\EventListener\\LocaleListener::onKernelFinishRequest"} []
[2017-04-04 10:37:55] event.DEBUG: Notified event "kernel.finish_request" to listener "Symfony\Component\HttpKernel\EventListener\TranslatorListener::onKernelFinishRequest". {"event":"kernel.finish_request","listener":"Symfony\\Component\\HttpKernel\\EventListener\\TranslatorListener::onKernelFinishRequest"} []
[2017-04-04 10:37:55] event.DEBUG: Notified event "kernel.finish_request" to listener "Symfony\Component\HttpKernel\EventListener\RouterListener::onKernelFinishRequest". {"event":"kernel.finish_request","listener":"Symfony\\Component\\HttpKernel\\EventListener\\RouterListener::onKernelFinishRequest"} []
[2017-04-04 10:37:55] event.DEBUG: Notified event "kernel.finish_request" to listener "Symfony\Component\Security\Http\Firewall::onKernelFinishRequest". {"event":"kernel.finish_request","listener":"Symfony\\Component\\Security\\Http\\Firewall::onKernelFinishRequest"} []
[2017-04-04 10:37:55] event.DEBUG: Notified event "kernel.terminate" to listener "Symfony\Bundle\SwiftmailerBundle\EventListener\EmailSenderListener::onTerminate". {"event":"kernel.terminate","listener":"Symfony\\Bundle\\SwiftmailerBundle\\EventListener\\EmailSenderListener::onTerminate"} []
[2017-04-04 10:38:24] request.INFO: Matched route "Home". {"route":"Home","route_parameters":{"_controller":"AppBundle\\Controller\\HomeController::helloAction","_route":"Home"},"request_uri":"http://localhost:3000/hello","method":"GET"} []
[2017-04-04 10:38:24] security.INFO: Populated the TokenStorage with an anonymous Token. [] []
[2017-04-04 10:38:24] event.DEBUG: Notified event "kernel.request" to listener "Symfony\Component\HttpKernel\EventListener\DebugHandlersListener::configure". {"event":"kernel.request","listener":"Symfony\\Component\\HttpKernel\\EventListener\\DebugHandlersListener::configure"} []
[2017-04-04 10:38:24] event.DEBUG: Notified event "kernel.request" to listener "Symfony\Component\HttpKernel\EventListener\ValidateRequestListener::onKernelRequest". {"event":"kernel.request","listener":"Symfony\\Component\\HttpKernel\\EventListener\\ValidateRequestListener::onKernelRequest"} []
[2017-04-04 10:38:24] event.DEBUG: Notified event "kernel.request" to listener "Symfony\Bundle\FrameworkBundle\EventListener\SessionListener::onKernelRequest". {"event":"kernel.request","listener":"Symfony\\Bundle\\FrameworkBundle\\EventListener\\SessionListener::onKernelRequest"} []
[2017-04-04 10:38:24] event.DEBUG: Notified event "kernel.request" to listener "Symfony\Component\HttpKernel\EventListener\FragmentListener::onKernelRequest". {"event":"kernel.request","listener":"Symfony\\Component\\HttpKernel\\EventListener\\FragmentListener::onKernelRequest"} []
[2017-04-04 10:38:24] event.DEBUG: Notified event "kernel.request" to listener "Symfony\Component\HttpKernel\EventListener\RouterListener::onKernelRequest". {"event":"kernel.request","listener":"Symfony\\Component\\HttpKernel\\EventListener\\RouterListener::onKernelRequest"} []
[2017-04-04 10:38:24] event.DEBUG: Notified event "kernel.request" to listener "Symfony\Component\HttpKernel\EventListener\LocaleListener::onKernelRequest". {"event":"kernel.request","listener":"Symfony\\Component\\HttpKernel\\EventListener\\LocaleListener::onKernelRequest"} []
[2017-04-04 10:38:24] event.DEBUG: Notified event "kernel.request" to listener "Symfony\Component\HttpKernel\EventListener\TranslatorListener::onKernelRequest". {"event":"kernel.request","listener":"Symfony\\Component\\HttpKernel\\EventListener\\TranslatorListener::onKernelRequest"} []
[2017-04-04 10:38:24] event.DEBUG: Notified event "kernel.request" to listener "Symfony\Component\Security\Http\Firewall::onKernelRequest". {"event":"kernel.request","listener":"Symfony\\Component\\Security\\Http\\Firewall::onKernelRequest"} []
[2017-04-04 10:38:24] event.DEBUG: Notified event "kernel.controller" to listener "Sensio\Bundle\FrameworkExtraBundle\EventListener\ControllerListener::onKernelController". {"event":"kernel.controller","listener":"Sensio\\Bundle\\FrameworkExtraBundle\\EventListener\\ControllerListener::onKernelController"} []
[2017-04-04 10:38:24] event.DEBUG: Notified event "kernel.controller" to listener "Sensio\Bundle\FrameworkExtraBundle\EventListener\ParamConverterListener::onKernelController". {"event":"kernel.controller","listener":"Sensio\\Bundle\\FrameworkExtraBundle\\EventListener\\ParamConverterListener::onKernelController"} []
[2017-04-04 10:38:24] event.DEBUG: Notified event "kernel.controller" to listener "Sensio\Bundle\FrameworkExtraBundle\EventListener\HttpCacheListener::onKernelController". {"event":"kernel.controller","listener":"Sensio\\Bundle\\FrameworkExtraBundle\\EventListener\\HttpCacheListener::onKernelController"} []
[2017-04-04 10:38:24] event.DEBUG: Notified event "kernel.controller" to listener "Sensio\Bundle\FrameworkExtraBundle\EventListener\SecurityListener::onKernelController". {"event":"kernel.controller","listener":"Sensio\\Bundle\\FrameworkExtraBundle\\EventListener\\SecurityListener::onKernelController"} []
[2017-04-04 10:38:24] event.DEBUG: Notified event "kernel.controller" to listener "Sensio\Bundle\FrameworkExtraBundle\EventListener\TemplateListener::onKernelController". {"event":"kernel.controller","listener":"Sensio\\Bundle\\FrameworkExtraBundle\\EventListener\\TemplateListener::onKernelController"} []
[2017-04-04 10:38:24] event.DEBUG: Notified event "kernel.view" to listener "Sensio\Bundle\FrameworkExtraBundle\EventListener\TemplateListener::onKernelView". {"event":"kernel.view","listener":"Sensio\\Bundle\\FrameworkExtraBundle\\EventListener\\TemplateListener::onKernelView"} []
[2017-04-04 10:38:24] request.CRITICAL: Uncaught PHP Exception LogicException: "The controller must return a response (null given). Did you forget to add a return statement somewhere in your controller?" at /Users/shibaji/Desktop/class/cms/var/cache/prod/classes.php line 4663 {"exception":"[object] (LogicException(code: 0): The controller must return a response (null given). Did you forget to add a return statement somewhere in your controller? at /Users/shibaji/Desktop/class/cms/var/cache/prod/classes.php:4663)"} []
[2017-04-04 10:38:24] event.DEBUG: Notified event "kernel.request" to listener "Symfony\Component\HttpKernel\EventListener\DebugHandlersListener::configure". {"event":"kernel.request","listener":"Symfony\\Component\\HttpKernel\\EventListener\\DebugHandlersListener::configure"} []
[2017-04-04 10:38:24] event.DEBUG: Notified event "kernel.request" to listener "Symfony\Component\HttpKernel\EventListener\ValidateRequestListener::onKernelRequest". {"event":"kernel.request","listener":"Symfony\\Component\\HttpKernel\\EventListener\\ValidateRequestListener::onKernelRequest"} []
[2017-04-04 10:38:24] event.DEBUG: Notified event "kernel.request" to listener "Symfony\Bundle\FrameworkBundle\EventListener\SessionListener::onKernelRequest". {"event":"kernel.request","listener":"Symfony\\Bundle\\FrameworkBundle\\EventListener\\SessionListener::onKernelRequest"} []
[2017-04-04 10:38:24] event.DEBUG: Notified event "kernel.request" to listener "Symfony\Component\HttpKernel\EventListener\FragmentListener::onKernelRequest". {"event":"kernel.request","listener":"Symfony\\Component\\HttpKernel\\EventListener\\FragmentListener::onKernelRequest"} []
[2017-04-04 10:38:24] event.DEBUG: Notified event "kernel.request" to listener "Symfony\Component\HttpKernel\EventListener\RouterListener::onKernelRequest". {"event":"kernel.request","listener":"Symfony\\Component\\HttpKernel\\EventListener\\RouterListener::onKernelRequest"} []
[2017-04-04 10:38:24] event.DEBUG: Notified event "kernel.request" to listener "Symfony\Component\HttpKernel\EventListener\LocaleListener::onKernelRequest". {"event":"kernel.request","listener":"Symfony\\Component\\HttpKernel\\EventListener\\LocaleListener::onKernelRequest"} []
[2017-04-04 10:38:24] event.DEBUG: Notified event "kernel.request" to listener "Symfony\Component\HttpKernel\EventListener\TranslatorListener::onKernelRequest". {"event":"kernel.request","listener":"Symfony\\Component\\HttpKernel\\EventListener\\TranslatorListener::onKernelRequest"} []
[2017-04-04 10:38:24] event.DEBUG: Notified event "kernel.request" to listener "Symfony\Component\Security\Http\Firewall::onKernelRequest". {"event":"kernel.request","listener":"Symfony\\Component\\Security\\Http\\Firewall::onKernelRequest"} []
[2017-04-04 10:38:24] event.DEBUG: Notified event "kernel.controller" to listener "Sensio\Bundle\FrameworkExtraBundle\EventListener\ControllerListener::onKernelController". {"event":"kernel.controller","listener":"Sensio\\Bundle\\FrameworkExtraBundle\\EventListener\\ControllerListener::onKernelController"} []
[2017-04-04 10:38:24] event.DEBUG: Notified event "kernel.controller" to listener "Sensio\Bundle\FrameworkExtraBundle\EventListener\ParamConverterListener::onKernelController". {"event":"kernel.controller","listener":"Sensio\\Bundle\\FrameworkExtraBundle\\EventListener\\ParamConverterListener::onKernelController"} []
[2017-04-04 10:38:24] event.DEBUG: Notified event "kernel.controller" to listener "Sensio\Bundle\FrameworkExtraBundle\EventListener\HttpCacheListener::onKernelController". {"event":"kernel.controller","listener":"Sensio\\Bundle\\FrameworkExtraBundle\\EventListener\\HttpCacheListener::onKernelController"} []
[2017-04-04 10:38:24] event.DEBUG: Notified event "kernel.controller" to listener "Sensio\Bundle\FrameworkExtraBundle\EventListener\SecurityListener::onKernelController". {"event":"kernel.controller","listener":"Sensio\\Bundle\\FrameworkExtraBundle\\EventListener\\SecurityListener::onKernelController"} []
[2017-04-04 10:38:24] event.DEBUG: Notified event "kernel.controller" to listener "Sensio\Bundle\FrameworkExtraBundle\EventListener\TemplateListener::onKernelController". {"event":"kernel.controller","listener":"Sensio\\Bundle\\FrameworkExtraBundle\\EventListener\\TemplateListener::onKernelController"} []
[2017-04-04 10:38:24] event.DEBUG: Notified event "kernel.response" to listener "Symfony\Component\Security\Http\Firewall\ContextListener::onKernelResponse". {"event":"kernel.response","listener":"Symfony\\Component\\Security\\Http\\Firewall\\ContextListener::onKernelResponse"} []
[2017-04-04 10:38:24] event.DEBUG: Notified event "kernel.response" to listener "Symfony\Component\HttpKernel\EventListener\ResponseListener::onKernelResponse". {"event":"kernel.response","listener":"Symfony\\Component\\HttpKernel\\EventListener\\ResponseListener::onKernelResponse"} []
[2017-04-04 10:38:24] event.DEBUG: Notified event "kernel.response" to listener "Symfony\Component\Security\Http\RememberMe\ResponseListener::onKernelResponse". {"event":"kernel.response","listener":"Symfony\\Component\\Security\\Http\\RememberMe\\ResponseListener::onKernelResponse"} []
[2017-04-04 10:38:24] event.DEBUG: Notified event "kernel.response" to listener "Sensio\Bundle\FrameworkExtraBundle\EventListener\HttpCacheListener::onKernelResponse". {"event":"kernel.response","listener":"Sensio\\Bundle\\FrameworkExtraBundle\\EventListener\\HttpCacheListener::onKernelResponse"} []
[2017-04-04 10:38:24] event.DEBUG: Notified event "kernel.response" to listener "Symfony\Component\HttpKernel\EventListener\SaveSessionListener::onKernelResponse". {"event":"kernel.response","listener":"Symfony\\Component\\HttpKernel\\EventListener\\SaveSessionListener::onKernelResponse"} []
[2017-04-04 10:38:24] event.DEBUG: Notified event "kernel.response" to listener "Symfony\Component\HttpKernel\EventListener\StreamedResponseListener::onKernelResponse". {"event":"kernel.response","listener":"Symfony\\Component\\HttpKernel\\EventListener\\StreamedResponseListener::onKernelResponse"} []
[2017-04-04 10:38:24] event.DEBUG: Notified event "kernel.finish_request" to listener "Symfony\Component\HttpKernel\EventListener\LocaleListener::onKernelFinishRequest". {"event":"kernel.finish_request","listener":"Symfony\\Component\\HttpKernel\\EventListener\\LocaleListener::onKernelFinishRequest"} []
[2017-04-04 10:38:24] event.DEBUG: Notified event "kernel.finish_request" to listener "Symfony\Component\HttpKernel\EventListener\TranslatorListener::onKernelFinishRequest". {"event":"kernel.finish_request","listener":"Symfony\\Component\\HttpKernel\\EventListener\\TranslatorListener::onKernelFinishRequest"} []
[2017-04-04 10:38:24] event.DEBUG: Notified event "kernel.finish_request" to listener "Symfony\Component\HttpKernel\EventListener\RouterListener::onKernelFinishRequest". {"event":"kernel.finish_request","listener":"Symfony\\Component\\HttpKernel\\EventListener\\RouterListener::onKernelFinishRequest"} []
[2017-04-04 10:38:24] event.DEBUG: Notified event "kernel.finish_request" to listener "Symfony\Component\Security\Http\Firewall::onKernelFinishRequest". {"event":"kernel.finish_request","listener":"Symfony\\Component\\Security\\Http\\Firewall::onKernelFinishRequest"} []
[2017-04-04 10:38:24] event.DEBUG: Notified event "kernel.exception" to listener "Symfony\Component\Security\Http\Firewall\ExceptionListener::onKernelException". {"event":"kernel.exception","listener":"Symfony\\Component\\Security\\Http\\Firewall\\ExceptionListener::onKernelException"} []
[2017-04-04 10:38:24] event.DEBUG: Notified event "kernel.exception" to listener "Symfony\Component\HttpKernel\EventListener\ExceptionListener::onKernelException". {"event":"kernel.exception","listener":"Symfony\\Component\\HttpKernel\\EventListener\\ExceptionListener::onKernelException"} []
[2017-04-04 10:38:24] event.DEBUG: Listener "Symfony\Component\HttpKernel\EventListener\ExceptionListener::onKernelException" stopped propagation of the event "kernel.exception". {"event":"kernel.exception","listener":"Symfony\\Component\\HttpKernel\\EventListener\\ExceptionListener::onKernelException"} []
[2017-04-04 10:38:24] event.DEBUG: Notified event "kernel.response" to listener "Symfony\Component\HttpKernel\EventListener\ResponseListener::onKernelResponse". {"event":"kernel.response","listener":"Symfony\\Component\\HttpKernel\\EventListener\\ResponseListener::onKernelResponse"} []
[2017-04-04 10:38:24] event.DEBUG: Notified event "kernel.response" to listener "Symfony\Component\Security\Http\RememberMe\ResponseListener::onKernelResponse". {"event":"kernel.response","listener":"Symfony\\Component\\Security\\Http\\RememberMe\\ResponseListener::onKernelResponse"} []
[2017-04-04 10:38:24] event.DEBUG: Notified event "kernel.response" to listener "Sensio\Bundle\FrameworkExtraBundle\EventListener\HttpCacheListener::onKernelResponse". {"event":"kernel.response","listener":"Sensio\\Bundle\\FrameworkExtraBundle\\EventListener\\HttpCacheListener::onKernelResponse"} []
[2017-04-04 10:38:24] event.DEBUG: Notified event "kernel.response" to listener "Symfony\Component\HttpKernel\EventListener\SaveSessionListener::onKernelResponse". {"event":"kernel.response","listener":"Symfony\\Component\\HttpKernel\\EventListener\\SaveSessionListener::onKernelResponse"} []
[2017-04-04 10:38:24] event.DEBUG: Notified event "kernel.response" to listener "Symfony\Component\HttpKernel\EventListener\StreamedResponseListener::onKernelResponse". {"event":"kernel.response","listener":"Symfony\\Component\\HttpKernel\\EventListener\\StreamedResponseListener::onKernelResponse"} []
[2017-04-04 10:38:24] event.DEBUG: Notified event "kernel.finish_request" to listener "Symfony\Component\HttpKernel\EventListener\LocaleListener::onKernelFinishRequest". {"event":"kernel.finish_request","listener":"Symfony\\Component\\HttpKernel\\EventListener\\LocaleListener::onKernelFinishRequest"} []
[2017-04-04 10:38:24] event.DEBUG: Notified event "kernel.finish_request" to listener "Symfony\Component\HttpKernel\EventListener\TranslatorListener::onKernelFinishRequest". {"event":"kernel.finish_request","listener":"Symfony\\Component\\HttpKernel\\EventListener\\TranslatorListener::onKernelFinishRequest"} []
[2017-04-04 10:38:24] event.DEBUG: Notified event "kernel.finish_request" to listener "Symfony\Component\HttpKernel\EventListener\RouterListener::onKernelFinishRequest". {"event":"kernel.finish_request","listener":"Symfony\\Component\\HttpKernel\\EventListener\\RouterListener::onKernelFinishRequest"} []
[2017-04-04 10:38:24] event.DEBUG: Notified event "kernel.finish_request" to listener "Symfony\Component\Security\Http\Firewall::onKernelFinishRequest". {"event":"kernel.finish_request","listener":"Symfony\\Component\\Security\\Http\\Firewall::onKernelFinishRequest"} []
[2017-04-04 10:38:24] event.DEBUG: Notified event "kernel.terminate" to listener "Symfony\Bundle\SwiftmailerBundle\EventListener\EmailSenderListener::onTerminate". {"event":"kernel.terminate","listener":"Symfony\\Bundle\\SwiftmailerBundle\\EventListener\\EmailSenderListener::onTerminate"} []
[2017-04-04 10:40:00] request.INFO: Matched route "Home". {"route":"Home","route_parameters":{"_controller":"AppBundle\\Controller\\HomeController::helloAction","_route":"Home"},"request_uri":"http://localhost:3000/hello","method":"GET"} []
[2017-04-04 10:40:00] security.INFO: Populated the TokenStorage with an anonymous Token. [] []
[2017-04-04 10:40:00] event.DEBUG: Notified event "kernel.request" to listener "Symfony\Component\HttpKernel\EventListener\DebugHandlersListener::configure". {"event":"kernel.request","listener":"Symfony\\Component\\HttpKernel\\EventListener\\DebugHandlersListener::configure"} []
[2017-04-04 10:40:00] event.DEBUG: Notified event "kernel.request" to listener "Symfony\Component\HttpKernel\EventListener\ValidateRequestListener::onKernelRequest". {"event":"kernel.request","listener":"Symfony\\Component\\HttpKernel\\EventListener\\ValidateRequestListener::onKernelRequest"} []
[2017-04-04 10:40:00] event.DEBUG: Notified event "kernel.request" to listener "Symfony\Bundle\FrameworkBundle\EventListener\SessionListener::onKernelRequest". {"event":"kernel.request","listener":"Symfony\\Bundle\\FrameworkBundle\\EventListener\\SessionListener::onKernelRequest"} []
[2017-04-04 10:40:00] event.DEBUG: Notified event "kernel.request" to listener "Symfony\Component\HttpKernel\EventListener\FragmentListener::onKernelRequest". {"event":"kernel.request","listener":"Symfony\\Component\\HttpKernel\\EventListener\\FragmentListener::onKernelRequest"} []
[2017-04-04 10:40:00] event.DEBUG: Notified event "kernel.request" to listener "Symfony\Component\HttpKernel\EventListener\RouterListener::onKernelRequest". {"event":"kernel.request","listener":"Symfony\\Component\\HttpKernel\\EventListener\\RouterListener::onKernelRequest"} []
[2017-04-04 10:40:00] event.DEBUG: Notified event "kernel.request" to listener "Symfony\Component\HttpKernel\EventListener\LocaleListener::onKernelRequest". {"event":"kernel.request","listener":"Symfony\\Component\\HttpKernel\\EventListener\\LocaleListener::onKernelRequest"} []
[2017-04-04 10:40:00] event.DEBUG: Notified event "kernel.request" to listener "Symfony\Component\HttpKernel\EventListener\TranslatorListener::onKernelRequest". {"event":"kernel.request","listener":"Symfony\\Component\\HttpKernel\\EventListener\\TranslatorListener::onKernelRequest"} []
[2017-04-04 10:40:00] event.DEBUG: Notified event "kernel.request" to listener "Symfony\Component\Security\Http\Firewall::onKernelRequest". {"event":"kernel.request","listener":"Symfony\\Component\\Security\\Http\\Firewall::onKernelRequest"} []
[2017-04-04 10:40:00] event.DEBUG: Notified event "kernel.controller" to listener "Sensio\Bundle\FrameworkExtraBundle\EventListener\ControllerListener::onKernelController". {"event":"kernel.controller","listener":"Sensio\\Bundle\\FrameworkExtraBundle\\EventListener\\ControllerListener::onKernelController"} []
[2017-04-04 10:40:00] event.DEBUG: Notified event "kernel.controller" to listener "Sensio\Bundle\FrameworkExtraBundle\EventListener\ParamConverterListener::onKernelController". {"event":"kernel.controller","listener":"Sensio\\Bundle\\FrameworkExtraBundle\\EventListener\\ParamConverterListener::onKernelController"} []
[2017-04-04 10:40:00] event.DEBUG: Notified event "kernel.controller" to listener "Sensio\Bundle\FrameworkExtraBundle\EventListener\HttpCacheListener::onKernelController". {"event":"kernel.controller","listener":"Sensio\\Bundle\\FrameworkExtraBundle\\EventListener\\HttpCacheListener::onKernelController"} []
[2017-04-04 10:40:00] event.DEBUG: Notified event "kernel.controller" to listener "Sensio\Bundle\FrameworkExtraBundle\EventListener\SecurityListener::onKernelController". {"event":"kernel.controller","listener":"Sensio\\Bundle\\FrameworkExtraBundle\\EventListener\\SecurityListener::onKernelController"} []
[2017-04-04 10:40:00] event.DEBUG: Notified event "kernel.controller" to listener "Sensio\Bundle\FrameworkExtraBundle\EventListener\TemplateListener::onKernelController". {"event":"kernel.controller","listener":"Sensio\\Bundle\\FrameworkExtraBundle\\EventListener\\TemplateListener::onKernelController"} []
[2017-04-04 10:40:00] php.CRITICAL: Fatal Error: Class 'AppBundle\Controller\Respose' not found {"exception":"[object] (Symfony\\Component\\Debug\\Exception\\FatalErrorException(code: 0): Error: Class 'AppBundle\\Controller\\Respose' not found at /Users/shibaji/Desktop/class/cms/src/AppBundle/Controller/HomeController.php:56)"} []
[2017-04-04 10:40:00] request.CRITICAL: Uncaught PHP Exception Symfony\Component\Debug\Exception\ClassNotFoundException: "Attempted to load class "Respose" from namespace "AppBundle\Controller". Did you forget a "use" statement for another namespace?" at /Users/shibaji/Desktop/class/cms/src/AppBundle/Controller/HomeController.php line 56 {"exception":"[object] (Symfony\\Component\\Debug\\Exception\\ClassNotFoundException(code: 0): Attempted to load class \"Respose\" from namespace \"AppBundle\\Controller\".\nDid you forget a \"use\" statement for another namespace? at /Users/shibaji/Desktop/class/cms/src/AppBundle/Controller/HomeController.php:56)"} []
[2017-04-04 10:40:00] event.DEBUG: Notified event "kernel.request" to listener "Symfony\Component\HttpKernel\EventListener\DebugHandlersListener::configure". {"event":"kernel.request","listener":"Symfony\\Component\\HttpKernel\\EventListener\\DebugHandlersListener::configure"} []
[2017-04-04 10:40:00] event.DEBUG: Notified event "kernel.request" to listener "Symfony\Component\HttpKernel\EventListener\ValidateRequestListener::onKernelRequest". {"event":"kernel.request","listener":"Symfony\\Component\\HttpKernel\\EventListener\\ValidateRequestListener::onKernelRequest"} []
[2017-04-04 10:40:00] event.DEBUG: Notified event "kernel.request" to listener "Symfony\Bundle\FrameworkBundle\EventListener\SessionListener::onKernelRequest". {"event":"kernel.request","listener":"Symfony\\Bundle\\FrameworkBundle\\EventListener\\SessionListener::onKernelRequest"} []
[2017-04-04 10:40:00] event.DEBUG: Notified event "kernel.request" to listener "Symfony\Component\HttpKernel\EventListener\FragmentListener::onKernelRequest". {"event":"kernel.request","listener":"Symfony\\Component\\HttpKernel\\EventListener\\FragmentListener::onKernelRequest"} []
[2017-04-04 10:40:00] event.DEBUG: Notified event "kernel.request" to listener "Symfony\Component\HttpKernel\EventListener\RouterListener::onKernelRequest". {"event":"kernel.request","listener":"Symfony\\Component\\HttpKernel\\EventListener\\RouterListener::onKernelRequest"} []
[2017-04-04 10:40:00] event.DEBUG: Notified event "kernel.request" to listener "Symfony\Component\HttpKernel\EventListener\LocaleListener::onKernelRequest". {"event":"kernel.request","listener":"Symfony\\Component\\HttpKernel\\EventListener\\LocaleListener::onKernelRequest"} []
[2017-04-04 10:40:00] event.DEBUG: Notified event "kernel.request" to listener "Symfony\Component\HttpKernel\EventListener\TranslatorListener::onKernelRequest". {"event":"kernel.request","listener":"Symfony\\Component\\HttpKernel\\EventListener\\TranslatorListener::onKernelRequest"} []
[2017-04-04 10:40:00] event.DEBUG: Notified event "kernel.request" to listener "Symfony\Component\Security\Http\Firewall::onKernelRequest". {"event":"kernel.request","listener":"Symfony\\Component\\Security\\Http\\Firewall::onKernelRequest"} []
[2017-04-04 10:40:00] event.DEBUG: Notified event "kernel.controller" to listener "Sensio\Bundle\FrameworkExtraBundle\EventListener\ControllerListener::onKernelController". {"event":"kernel.controller","listener":"Sensio\\Bundle\\FrameworkExtraBundle\\EventListener\\ControllerListener::onKernelController"} []
[2017-04-04 10:40:00] event.DEBUG: Notified event "kernel.controller" to listener "Sensio\Bundle\FrameworkExtraBundle\EventListener\ParamConverterListener::onKernelController". {"event":"kernel.controller","listener":"Sensio\\Bundle\\FrameworkExtraBundle\\EventListener\\ParamConverterListener::onKernelController"} []
[2017-04-04 10:40:00] event.DEBUG: Notified event "kernel.controller" to listener "Sensio\Bundle\FrameworkExtraBundle\EventListener\HttpCacheListener::onKernelController". {"event":"kernel.controller","listener":"Sensio\\Bundle\\FrameworkExtraBundle\\EventListener\\HttpCacheListener::onKernelController"} []
[2017-04-04 10:40:00] event.DEBUG: Notified event "kernel.controller" to listener "Sensio\Bundle\FrameworkExtraBundle\EventListener\SecurityListener::onKernelController". {"event":"kernel.controller","listener":"Sensio\\Bundle\\FrameworkExtraBundle\\EventListener\\SecurityListener::onKernelController"} []
[2017-04-04 10:40:00] event.DEBUG: Notified event "kernel.controller" to listener "Sensio\Bundle\FrameworkExtraBundle\EventListener\TemplateListener::onKernelController". {"event":"kernel.controller","listener":"Sensio\\Bundle\\FrameworkExtraBundle\\EventListener\\TemplateListener::onKernelController"} []
[2017-04-04 10:40:00] event.DEBUG: Notified event "kernel.response" to listener "Symfony\Component\Security\Http\Firewall\ContextListener::onKernelResponse". {"event":"kernel.response","listener":"Symfony\\Component\\Security\\Http\\Firewall\\ContextListener::onKernelResponse"} []
[2017-04-04 10:40:00] event.DEBUG: Notified event "kernel.response" to listener "Symfony\Component\HttpKernel\EventListener\ResponseListener::onKernelResponse". {"event":"kernel.response","listener":"Symfony\\Component\\HttpKernel\\EventListener\\ResponseListener::onKernelResponse"} []
[2017-04-04 10:40:00] event.DEBUG: Notified event "kernel.response" to listener "Symfony\Component\Security\Http\RememberMe\ResponseListener::onKernelResponse". {"event":"kernel.response","listener":"Symfony\\Component\\Security\\Http\\RememberMe\\ResponseListener::onKernelResponse"} []
[2017-04-04 10:40:00] event.DEBUG: Notified event "kernel.response" to listener "Sensio\Bundle\FrameworkExtraBundle\EventListener\HttpCacheListener::onKernelResponse". {"event":"kernel.response","listener":"Sensio\\Bundle\\FrameworkExtraBundle\\EventListener\\HttpCacheListener::onKernelResponse"} []
[2017-04-04 10:40:00] event.DEBUG: Notified event "kernel.response" to listener "Symfony\Component\HttpKernel\EventListener\SaveSessionListener::onKernelResponse". {"event":"kernel.response","listener":"Symfony\\Component\\HttpKernel\\EventListener\\SaveSessionListener::onKernelResponse"} []
[2017-04-04 10:40:00] event.DEBUG: Notified event "kernel.response" to listener "Symfony\Component\HttpKernel\EventListener\StreamedResponseListener::onKernelResponse". {"event":"kernel.response","listener":"Symfony\\Component\\HttpKernel\\EventListener\\StreamedResponseListener::onKernelResponse"} []
[2017-04-04 10:40:00] event.DEBUG: Notified event "kernel.finish_request" to listener "Symfony\Component\HttpKernel\EventListener\LocaleListener::onKernelFinishRequest". {"event":"kernel.finish_request","listener":"Symfony\\Component\\HttpKernel\\EventListener\\LocaleListener::onKernelFinishRequest"} []
[2017-04-04 10:40:00] event.DEBUG: Notified event "kernel.finish_request" to listener "Symfony\Component\HttpKernel\EventListener\TranslatorListener::onKernelFinishRequest". {"event":"kernel.finish_request","listener":"Symfony\\Component\\HttpKernel\\EventListener\\TranslatorListener::onKernelFinishRequest"} []
[2017-04-04 10:40:00] event.DEBUG: Notified event "kernel.finish_request" to listener "Symfony\Component\HttpKernel\EventListener\RouterListener::onKernelFinishRequest". {"event":"kernel.finish_request","listener":"Symfony\\Component\\HttpKernel\\EventListener\\RouterListener::onKernelFinishRequest"} []
[2017-04-04 10:40:00] event.DEBUG: Notified event "kernel.finish_request" to listener "Symfony\Component\Security\Http\Firewall::onKernelFinishRequest". {"event":"kernel.finish_request","listener":"Symfony\\Component\\Security\\Http\\Firewall::onKernelFinishRequest"} []
[2017-04-04 10:40:00] event.DEBUG: Notified event "kernel.exception" to listener "Symfony\Component\Security\Http\Firewall\ExceptionListener::onKernelException". {"event":"kernel.exception","listener":"Symfony\\Component\\Security\\Http\\Firewall\\ExceptionListener::onKernelException"} []
[2017-04-04 10:40:00] event.DEBUG: Notified event "kernel.exception" to listener "Symfony\Component\HttpKernel\EventListener\ExceptionListener::onKernelException". {"event":"kernel.exception","listener":"Symfony\\Component\\HttpKernel\\EventListener\\ExceptionListener::onKernelException"} []
[2017-04-04 10:40:00] event.DEBUG: Listener "Symfony\Component\HttpKernel\EventListener\ExceptionListener::onKernelException" stopped propagation of the event "kernel.exception". {"event":"kernel.exception","listener":"Symfony\\Component\\HttpKernel\\EventListener\\ExceptionListener::onKernelException"} []
[2017-04-04 10:40:00] event.DEBUG: Notified event "kernel.response" to listener "Symfony\Component\HttpKernel\EventListener\ResponseListener::onKernelResponse". {"event":"kernel.response","listener":"Symfony\\Component\\HttpKernel\\EventListener\\ResponseListener::onKernelResponse"} []
[2017-04-04 10:40:00] event.DEBUG: Notified event "kernel.response" to listener "Symfony\Component\Security\Http\RememberMe\ResponseListener::onKernelResponse". {"event":"kernel.response","listener":"Symfony\\Component\\Security\\Http\\RememberMe\\ResponseListener::onKernelResponse"} []
[2017-04-04 10:40:00] event.DEBUG: Notified event "kernel.response" to listener "Sensio\Bundle\FrameworkExtraBundle\EventListener\HttpCacheListener::onKernelResponse". {"event":"kernel.response","listener":"Sensio\\Bundle\\FrameworkExtraBundle\\EventListener\\HttpCacheListener::onKernelResponse"} []
[2017-04-04 10:40:00] event.DEBUG: Notified event "kernel.response" to listener "Symfony\Component\HttpKernel\EventListener\SaveSessionListener::onKernelResponse". {"event":"kernel.response","listener":"Symfony\\Component\\HttpKernel\\EventListener\\SaveSessionListener::onKernelResponse"} []
[2017-04-04 10:40:00] event.DEBUG: Notified event "kernel.response" to listener "Symfony\Component\HttpKernel\EventListener\StreamedResponseListener::onKernelResponse". {"event":"kernel.response","listener":"Symfony\\Component\\HttpKernel\\EventListener\\StreamedResponseListener::onKernelResponse"} []
[2017-04-04 10:40:00] event.DEBUG: Notified event "kernel.finish_request" to listener "Symfony\Component\HttpKernel\EventListener\LocaleListener::onKernelFinishRequest". {"event":"kernel.finish_request","listener":"Symfony\\Component\\HttpKernel\\EventListener\\LocaleListener::onKernelFinishRequest"} []
[2017-04-04 10:40:00] event.DEBUG: Notified event "kernel.finish_request" to listener "Symfony\Component\HttpKernel\EventListener\TranslatorListener::onKernelFinishRequest". {"event":"kernel.finish_request","listener":"Symfony\\Component\\HttpKernel\\EventListener\\TranslatorListener::onKernelFinishRequest"} []
[2017-04-04 10:40:00] event.DEBUG: Notified event "kernel.finish_request" to listener "Symfony\Component\HttpKernel\EventListener\RouterListener::onKernelFinishRequest". {"event":"kernel.finish_request","listener":"Symfony\\Component\\HttpKernel\\EventListener\\RouterListener::onKernelFinishRequest"} []
[2017-04-04 10:40:00] event.DEBUG: Notified event "kernel.finish_request" to listener "Symfony\Component\Security\Http\Firewall::onKernelFinishRequest". {"event":"kernel.finish_request","listener":"Symfony\\Component\\Security\\Http\\Firewall::onKernelFinishRequest"} []
[2017-04-04 10:40:00] event.DEBUG: Notified event "kernel.terminate" to listener "Symfony\Bundle\SwiftmailerBundle\EventListener\EmailSenderListener::onTerminate". {"event":"kernel.terminate","listener":"Symfony\\Bundle\\SwiftmailerBundle\\EventListener\\EmailSenderListener::onTerminate"} []
